<?xml version="1.0" encoding="UTF-8"?>
<!-- Generated by org.testng.reporters.JUnitXMLReporter -->
<testsuite hostname="DESKTOP-LRRMOES" ignored="7" name="Test" tests="4" failures="0" timestamp="04 Feb 2018 02:16:55 GMT" time="0.039" errors="0">
  <testcase name="mobileFreshCarLoan" time="0.0" classname="packageDemoTestNG.Begin04"/>
  <testcase name="demo4" time="0.0" classname="packageDemoTestNG.Begin03"/>
  <testcase name="demo3" time="0.0" classname="packageDemoTestNG.Begin02"/>
  <testcase name="demo2" time="0.0" classname="packageDemoTestNG.Begin01"/>
  <testcase name="apiFreshCarLoan" time="0.0" classname="packageDemoTestNG.Begin04">
    <ignored/>
  </testcase> <!-- apiFreshCarLoan -->
  <testcase name="webLoginCarLoan" time="0.0" classname="packageDemoTestNG.Begin04">
    <ignored/>
  </testcase> <!-- webLoginCarLoan -->
  <testcase name="demo5" time="0.0" classname="packageDemoTestNG.Begin03">
    <ignored/>
  </testcase> <!-- demo5 -->
  <testcase name="apiLoginCarLoan" time="0.0" classname="packageDemoTestNG.Begin04">
    <ignored/>
  </testcase> <!-- apiLoginCarLoan -->
  <testcase name="mobileLoginCarLoan" time="0.0" classname="packageDemoTestNG.Begin04">
    <ignored/>
  </testcase> <!-- mobileLoginCarLoan -->
  <testcase name="demo1" time="0.0" classname="packageDemoTestNG.Begin01">
    <ignored/>
  </testcase> <!-- demo1 -->
  <testcase name="webFreshCarLoan" time="0.0" classname="packageDemoTestNG.Begin04">
    <ignored/>
  </testcase> <!-- webFreshCarLoan -->
</testsuite> <!-- Test -->
