<?xml version="1.0" encoding="UTF-8"?>
<!-- Generated by org.testng.reporters.JUnitXMLReporter -->
<testsuite hostname="DESKTOP-LRRMOES" ignored="3" name="Car Loan" tests="6" failures="0" timestamp="06 Feb 2018 01:18:39 GMT" time="0.043" errors="0">
  <testcase name="apiLoginCarLoan" time="0.008" classname="packageDemoTestNG.Begin04"/>
  <testcase name="webLoginCarLoan" time="0.002" classname="packageDemoTestNG.Begin04"/>
  <testcase name="webLoginCarLoan" time="0.0" classname="packageDemoTestNG.Begin04"/>
  <testcase name="webLoginCarLoan" time="0.001" classname="packageDemoTestNG.Begin04"/>
  <testcase name="webLoginCarLoan" time="0.002" classname="packageDemoTestNG.Begin04"/>
  <testcase name="apiFreshCarLoan" time="0.002" classname="packageDemoTestNG.Begin04"/>
  <testcase name="mobileFreshCarLoan" time="0.0" classname="packageDemoTestNG.Begin04">
    <ignored/>
  </testcase> <!-- mobileFreshCarLoan -->
  <testcase name="mobileLoginCarLoan" time="0.0" classname="packageDemoTestNG.Begin04">
    <ignored/>
  </testcase> <!-- mobileLoginCarLoan -->
  <testcase name="webFreshCarLoan" time="0.0" classname="packageDemoTestNG.Begin04">
    <ignored/>
  </testcase> <!-- webFreshCarLoan -->
</testsuite> <!-- Car Loan -->
