<?xml version="1.0" encoding="UTF-8"?>
<!-- Generated by org.testng.reporters.JUnitXMLReporter -->
<testsuite hostname="DESKTOP-LRRMOES" ignored="0" name="Personal Loan" tests="4" failures="0" timestamp="06 Feb 2018 01:18:39 GMT" time="5.268" errors="0">
  <testcase name="demo1" time="0.005" classname="packageDemoTestNG.Begin01"/>
  <testcase name="demo3" time="0.008" classname="packageDemoTestNG.Begin02"/>
  <testcase name="demo2" time="0.005" classname="packageDemoTestNG.Begin01"/>
  <testcase name="login" time="5.224" classname="packageDemoTestNG.Begin06_DataDrive_PropertiesFile"/>
</testsuite> <!-- Personal Loan -->
